1.6.4.r03 - 04-Oct-2013
- added a bunch of localizations
1.6.4.r02 - 04-Oct-2013
- refactored mod for Forge release
1.6.4.r01 - 20-Sep-2013
- 1.6.4 update
- fixed IDE warnings
1.6.2.r03 - 15-Jul-2013
- actually fixed ModLoader issues and tested
1.6.2.r02 - 11-Jul-2013
- fixed ModLoader method accessor issue
1.6.2.r01 - 10-Jul-2013
- 1.6.2 update
1.5.2.r01 - 03-May-2013
- updated for 1.5.2
1.5.1.r01 - 23-Mar-2013
- updated for 1.5.1
1.5.0.r02 - 15-Mar2013
- fixed total derp in burned wing code
1.5.0.r01 - 15-Mar-2013
- updated for 1.5
- rewrote most of the item logic
1.4.6.r01 - 23-Dec-2012
- 1.4.6 update
1.4.5.r01 - 21-Nov-2012
- updated for 1.4.5
1.4.4.r01 - 13-Nov-2012
- updated for 1.4.4
1.4.2.r02 - 02-Nov-2012
- fixed tick registration issue with Forge
1.4.2.r01 29-Oct-2012
- updated for 1.4.2
- fixed sounds
1.3.2.d 19-Aug-2012
- updated for 1.3.2
1.3.1.b 05-Aug-2012
- updated for 1.3.1
- added version checking